{"/home/yooo/dbwebb-kurser/ramverk2/me/app/server/src/index.js": {"path":"/home/yooo/dbwebb-kurser/ramverk2/me/app/server/src/index.js","statementMap":{"0":{"start":{"line":12,"column":0},"end":{"line":30,"column":1}},"1":{"start":{"line":13,"column":4},"end":{"line":20,"column":7}},"2":{"start":{"line":14,"column":8},"end":{"line":19,"column":9}},"3":{"start":{"line":15,"column":12},"end":{"line":15,"column":87}},"4":{"start":{"line":16,"column":12},"end":{"line":16,"column":28}},"5":{"start":{"line":18,"column":12},"end":{"line":18,"column":72}},"6":{"start":{"line":22,"column":4},"end":{"line":29,"column":7}},"7":{"start":{"line":23,"column":8},"end":{"line":28,"column":9}},"8":{"start":{"line":24,"column":12},"end":{"line":24,"column":88}},"9":{"start":{"line":25,"column":12},"end":{"line":25,"column":28}},"10":{"start":{"line":27,"column":12},"end":{"line":27,"column":73}},"11":{"start":{"line":33,"column":0},"end":{"line":33,"column":34}},"12":{"start":{"line":34,"column":11},"end":{"line":34,"column":30}},"13":{"start":{"line":36,"column":0},"end":{"line":36,"column":65}},"14":{"start":{"line":38,"column":12},"end":{"line":38,"column":21}},"15":{"start":{"line":41,"column":13},"end":{"line":41,"column":44}},"16":{"start":{"line":44,"column":0},"end":{"line":44,"column":23}},"17":{"start":{"line":45,"column":0},"end":{"line":45,"column":27}},"18":{"start":{"line":48,"column":0},"end":{"line":48,"column":16}},"19":{"start":{"line":51,"column":0},"end":{"line":51,"column":23}},"20":{"start":{"line":53,"column":13},"end":{"line":53,"column":40}},"21":{"start":{"line":54,"column":9},"end":{"line":54,"column":37}},"22":{"start":{"line":56,"column":0},"end":{"line":56,"column":13}},"23":{"start":{"line":59,"column":0},"end":{"line":62,"column":2}},"24":{"start":{"line":61,"column":10},"end":{"line":61,"column":87}}},"fnMap":{"0":{"name":"(anonymous_0)","decl":{"start":{"line":13,"column":76},"end":{"line":13,"column":77}},"loc":{"start":{"line":13,"column":91},"end":{"line":20,"column":5}},"line":13},"1":{"name":"(anonymous_1)","decl":{"start":{"line":22,"column":52},"end":{"line":22,"column":53}},"loc":{"start":{"line":22,"column":67},"end":{"line":29,"column":5}},"line":22},"2":{"name":"(anonymous_2)","decl":{"start":{"line":61,"column":4},"end":{"line":61,"column":5}},"loc":{"start":{"line":61,"column":10},"end":{"line":61,"column":87}},"line":61}},"branchMap":{"0":{"loc":{"start":{"line":12,"column":0},"end":{"line":30,"column":1}},"type":"if","locations":[{"start":{"line":12,"column":0},"end":{"line":30,"column":1}},{"start":{"line":12,"column":0},"end":{"line":30,"column":1}}],"line":12},"1":{"loc":{"start":{"line":14,"column":8},"end":{"line":19,"column":9}},"type":"if","locations":[{"start":{"line":14,"column":8},"end":{"line":19,"column":9}},{"start":{"line":14,"column":8},"end":{"line":19,"column":9}}],"line":14},"2":{"loc":{"start":{"line":23,"column":8},"end":{"line":28,"column":9}},"type":"if","locations":[{"start":{"line":23,"column":8},"end":{"line":28,"column":9}},{"start":{"line":23,"column":8},"end":{"line":28,"column":9}}],"line":23},"3":{"loc":{"start":{"line":41,"column":13},"end":{"line":41,"column":44}},"type":"binary-expr","locations":[{"start":{"line":41,"column":13},"end":{"line":41,"column":36}},{"start":{"line":41,"column":40},"end":{"line":41,"column":44}}],"line":41}},"s":{"0":1,"1":1,"2":1,"3":0,"4":0,"5":1,"6":0,"7":0,"8":0,"9":0,"10":0,"11":1,"12":1,"13":1,"14":1,"15":1,"16":1,"17":1,"18":1,"19":1,"20":1,"21":1,"22":1,"23":1,"24":1},"f":{"0":1,"1":0,"2":1},"b":{"0":[1,0],"1":[0,1],"2":[0,0],"3":[1,1]},"_coverageSchema":"332fd63041d2c1bcb487cc26dd0d5f7d97098a6c","hash":"633520a07fcd67efa7a28e85622b6f16c961da25"}
,"/home/yooo/dbwebb-kurser/ramverk2/me/app/server/src/api/constants.js": {"path":"/home/yooo/dbwebb-kurser/ramverk2/me/app/server/src/api/constants.js","statementMap":{"0":{"start":{"line":1,"column":35},"end":{"line":1,"column":37}},"1":{"start":{"line":2,"column":35},"end":{"line":2,"column":36}},"2":{"start":{"line":4,"column":32},"end":{"line":4,"column":35}},"3":{"start":{"line":5,"column":32},"end":{"line":5,"column":33}},"4":{"start":{"line":7,"column":35},"end":{"line":7,"column":37}},"5":{"start":{"line":8,"column":35},"end":{"line":8,"column":36}},"6":{"start":{"line":10,"column":26},"end":{"line":10,"column":36}}},"fnMap":{},"branchMap":{},"s":{"0":2,"1":2,"2":2,"3":2,"4":2,"5":2,"6":2},"f":{},"b":{},"_coverageSchema":"332fd63041d2c1bcb487cc26dd0d5f7d97098a6c","hash":"cb3b6b2d0732fd55836ceb8dd7e5b57c6f7ff9ab"}
,"/home/yooo/dbwebb-kurser/ramverk2/me/app/server/src/api/passport.js": {"path":"/home/yooo/dbwebb-kurser/ramverk2/me/app/server/src/api/passport.js","statementMap":{"0":{"start":{"line":8,"column":0},"end":{"line":23,"column":4}},"1":{"start":{"line":12,"column":4},"end":{"line":22,"column":5}},"2":{"start":{"line":13,"column":21},"end":{"line":13,"column":53}},"3":{"start":{"line":15,"column":8},"end":{"line":17,"column":9}},"4":{"start":{"line":16,"column":12},"end":{"line":16,"column":37}},"5":{"start":{"line":19,"column":8},"end":{"line":19,"column":25}},"6":{"start":{"line":21,"column":8},"end":{"line":21,"column":25}},"7":{"start":{"line":25,"column":0},"end":{"line":43,"column":4}},"8":{"start":{"line":26,"column":4},"end":{"line":42,"column":5}},"9":{"start":{"line":27,"column":21},"end":{"line":27,"column":53}},"10":{"start":{"line":29,"column":8},"end":{"line":31,"column":9}},"11":{"start":{"line":30,"column":12},"end":{"line":30,"column":37}},"12":{"start":{"line":33,"column":23},"end":{"line":33,"column":60}},"13":{"start":{"line":35,"column":8},"end":{"line":37,"column":9}},"14":{"start":{"line":36,"column":12},"end":{"line":36,"column":37}},"15":{"start":{"line":39,"column":8},"end":{"line":39,"column":25}},"16":{"start":{"line":41,"column":8},"end":{"line":41,"column":25}}},"fnMap":{"0":{"name":"(anonymous_0)","decl":{"start":{"line":11,"column":3},"end":{"line":11,"column":4}},"loc":{"start":{"line":11,"column":28},"end":{"line":23,"column":1}},"line":11},"1":{"name":"(anonymous_1)","decl":{"start":{"line":25,"column":35},"end":{"line":25,"column":36}},"loc":{"start":{"line":25,"column":71},"end":{"line":43,"column":1}},"line":25}},"branchMap":{"0":{"loc":{"start":{"line":15,"column":8},"end":{"line":17,"column":9}},"type":"if","locations":[{"start":{"line":15,"column":8},"end":{"line":17,"column":9}},{"start":{"line":15,"column":8},"end":{"line":17,"column":9}}],"line":15},"1":{"loc":{"start":{"line":29,"column":8},"end":{"line":31,"column":9}},"type":"if","locations":[{"start":{"line":29,"column":8},"end":{"line":31,"column":9}},{"start":{"line":29,"column":8},"end":{"line":31,"column":9}}],"line":29},"2":{"loc":{"start":{"line":35,"column":8},"end":{"line":37,"column":9}},"type":"if","locations":[{"start":{"line":35,"column":8},"end":{"line":37,"column":9}},{"start":{"line":35,"column":8},"end":{"line":37,"column":9}}],"line":35}},"s":{"0":1,"1":1,"2":1,"3":1,"4":0,"5":1,"6":0,"7":1,"8":1,"9":1,"10":1,"11":0,"12":1,"13":1,"14":0,"15":1,"16":0},"f":{"0":1,"1":1},"b":{"0":[0,1],"1":[0,1],"2":[0,1]},"_coverageSchema":"332fd63041d2c1bcb487cc26dd0d5f7d97098a6c","hash":"f3741fdbdf06775b417d9d37e211140de1db60a5"}
,"/home/yooo/dbwebb-kurser/ramverk2/me/app/server/src/api/controllers/user.js": {"path":"/home/yooo/dbwebb-kurser/ramverk2/me/app/server/src/api/controllers/user.js","statementMap":{"0":{"start":{"line":3,"column":22},"end":{"line":20,"column":1}},"1":{"start":{"line":4,"column":17},"end":{"line":4,"column":27}},"2":{"start":{"line":5,"column":19},"end":{"line":5,"column":33}},"3":{"start":{"line":6,"column":22},"end":{"line":6,"column":48}},"4":{"start":{"line":8,"column":4},"end":{"line":10,"column":5}},"5":{"start":{"line":9,"column":8},"end":{"line":9,"column":85}},"6":{"start":{"line":12,"column":18},"end":{"line":12,"column":49}},"7":{"start":{"line":13,"column":32},"end":{"line":13,"column":38}},"8":{"start":{"line":15,"column":4},"end":{"line":19,"column":7}},"9":{"start":{"line":22,"column":22},"end":{"line":31,"column":1}},"10":{"start":{"line":23,"column":18},"end":{"line":23,"column":48}},"11":{"start":{"line":24,"column":32},"end":{"line":24,"column":40}},"12":{"start":{"line":26,"column":4},"end":{"line":30,"column":7}},"13":{"start":{"line":33,"column":23},"end":{"line":35,"column":1}},"14":{"start":{"line":34,"column":4},"end":{"line":34,"column":24}},"15":{"start":{"line":37,"column":27},"end":{"line":40,"column":1}},"16":{"start":{"line":38,"column":4},"end":{"line":38,"column":25}},"17":{"start":{"line":39,"column":4},"end":{"line":39,"column":34}}},"fnMap":{"0":{"name":"(anonymous_0)","decl":{"start":{"line":3,"column":22},"end":{"line":3,"column":23}},"loc":{"start":{"line":3,"column":42},"end":{"line":20,"column":1}},"line":3},"1":{"name":"(anonymous_1)","decl":{"start":{"line":22,"column":22},"end":{"line":22,"column":23}},"loc":{"start":{"line":22,"column":42},"end":{"line":31,"column":1}},"line":22},"2":{"name":"(anonymous_2)","decl":{"start":{"line":33,"column":23},"end":{"line":33,"column":24}},"loc":{"start":{"line":33,"column":43},"end":{"line":35,"column":1}},"line":33},"3":{"name":"(anonymous_3)","decl":{"start":{"line":37,"column":27},"end":{"line":37,"column":28}},"loc":{"start":{"line":37,"column":47},"end":{"line":40,"column":1}},"line":37}},"branchMap":{"0":{"loc":{"start":{"line":8,"column":4},"end":{"line":10,"column":5}},"type":"if","locations":[{"start":{"line":8,"column":4},"end":{"line":10,"column":5}},{"start":{"line":8,"column":4},"end":{"line":10,"column":5}}],"line":8}},"s":{"0":1,"1":2,"2":2,"3":2,"4":2,"5":1,"6":1,"7":1,"8":1,"9":1,"10":1,"11":1,"12":1,"13":1,"14":1,"15":1,"16":1,"17":1},"f":{"0":2,"1":1,"2":1,"3":1},"b":{"0":[1,1]},"_coverageSchema":"332fd63041d2c1bcb487cc26dd0d5f7d97098a6c","hash":"0c7c6c0f39df229baeff3292cdedbde7d865d506"}
,"/home/yooo/dbwebb-kurser/ramverk2/me/app/server/src/api/db/models/user.js": {"path":"/home/yooo/dbwebb-kurser/ramverk2/me/app/server/src/api/db/models/user.js","statementMap":{"0":{"start":{"line":3,"column":15},"end":{"line":3,"column":30}},"1":{"start":{"line":5,"column":19},"end":{"line":22,"column":2}},"2":{"start":{"line":25,"column":0},"end":{"line":35,"column":3}},"3":{"start":{"line":26,"column":4},"end":{"line":34,"column":5}},"4":{"start":{"line":27,"column":21},"end":{"line":27,"column":45}},"5":{"start":{"line":28,"column":21},"end":{"line":28,"column":59}},"6":{"start":{"line":30,"column":8},"end":{"line":30,"column":29}},"7":{"start":{"line":31,"column":8},"end":{"line":31,"column":15}},"8":{"start":{"line":33,"column":8},"end":{"line":33,"column":18}},"9":{"start":{"line":37,"column":0},"end":{"line":43,"column":2}},"10":{"start":{"line":38,"column":4},"end":{"line":42,"column":5}},"11":{"start":{"line":39,"column":8},"end":{"line":39,"column":61}},"12":{"start":{"line":41,"column":8},"end":{"line":41,"column":29}}},"fnMap":{"0":{"name":"(anonymous_0)","decl":{"start":{"line":25,"column":23},"end":{"line":25,"column":24}},"loc":{"start":{"line":25,"column":45},"end":{"line":35,"column":1}},"line":25},"1":{"name":"(anonymous_1)","decl":{"start":{"line":37,"column":38},"end":{"line":37,"column":39}},"loc":{"start":{"line":37,"column":64},"end":{"line":43,"column":1}},"line":37}},"branchMap":{},"s":{"0":2,"1":2,"2":2,"3":1,"4":1,"5":1,"6":1,"7":1,"8":0,"9":2,"10":1,"11":1,"12":0},"f":{"0":1,"1":1},"b":{},"_coverageSchema":"332fd63041d2c1bcb487cc26dd0d5f7d97098a6c","hash":"51b6d5d7c9cc7f8109edb4456c7029b19a24d681"}
,"/home/yooo/dbwebb-kurser/ramverk2/me/app/server/src/api/models/User.js": {"path":"/home/yooo/dbwebb-kurser/ramverk2/me/app/server/src/api/models/User.js","statementMap":{"0":{"start":{"line":11,"column":26},"end":{"line":11,"column":32}},"1":{"start":{"line":13,"column":8},"end":{"line":13,"column":48}},"2":{"start":{"line":21,"column":24},"end":{"line":21,"column":45}},"3":{"start":{"line":23,"column":8},"end":{"line":23,"column":29}},"4":{"start":{"line":24,"column":8},"end":{"line":24,"column":39}},"5":{"start":{"line":33,"column":8},"end":{"line":38,"column":23}},"6":{"start":{"line":43,"column":8},"end":{"line":43,"column":35}}},"fnMap":{"0":{"name":"(anonymous_0)","decl":{"start":{"line":10,"column":4},"end":{"line":10,"column":5}},"loc":{"start":{"line":10,"column":26},"end":{"line":14,"column":5}},"line":10},"1":{"name":"(anonymous_1)","decl":{"start":{"line":20,"column":4},"end":{"line":20,"column":5}},"loc":{"start":{"line":20,"column":31},"end":{"line":25,"column":5}},"line":20},"2":{"name":"(anonymous_2)","decl":{"start":{"line":32,"column":4},"end":{"line":32,"column":5}},"loc":{"start":{"line":32,"column":27},"end":{"line":39,"column":5}},"line":32},"3":{"name":"(anonymous_3)","decl":{"start":{"line":42,"column":4},"end":{"line":42,"column":5}},"loc":{"start":{"line":42,"column":27},"end":{"line":44,"column":5}},"line":42}},"branchMap":{},"s":{"0":2,"1":2,"2":1,"3":1,"4":1,"5":2,"6":1},"f":{"0":2,"1":1,"2":2,"3":1},"b":{},"_coverageSchema":"332fd63041d2c1bcb487cc26dd0d5f7d97098a6c","hash":"06d769ca5d52b09a8a439fe5ad46f712fa8623d4"}
,"/home/yooo/dbwebb-kurser/ramverk2/me/app/server/src/api/routes/user.js": {"path":"/home/yooo/dbwebb-kurser/ramverk2/me/app/server/src/api/routes/user.js","statementMap":{"0":{"start":{"line":6,"column":20},"end":{"line":6,"column":70}},"1":{"start":{"line":7,"column":17},"end":{"line":7,"column":65}},"2":{"start":{"line":9,"column":15},"end":{"line":9,"column":50}},"3":{"start":{"line":11,"column":0},"end":{"line":11,"column":82}},"4":{"start":{"line":12,"column":0},"end":{"line":12,"column":95}},"5":{"start":{"line":13,"column":0},"end":{"line":13,"column":47}},"6":{"start":{"line":16,"column":0},"end":{"line":16,"column":57}}},"fnMap":{},"branchMap":{},"s":{"0":1,"1":1,"2":1,"3":1,"4":1,"5":1,"6":1},"f":{},"b":{},"_coverageSchema":"332fd63041d2c1bcb487cc26dd0d5f7d97098a6c","hash":"b1051a8d2aab503421742bb39ebbe43ca4176dc3"}
,"/home/yooo/dbwebb-kurser/ramverk2/me/app/server/src/api/validation/postValidation.js": {"path":"/home/yooo/dbwebb-kurser/ramverk2/me/app/server/src/api/validation/postValidation.js","statementMap":{"0":{"start":{"line":4,"column":28},"end":{"line":20,"column":1}},"1":{"start":{"line":5,"column":4},"end":{"line":19,"column":6}},"2":{"start":{"line":6,"column":23},"end":{"line":6,"column":53}},"3":{"start":{"line":8,"column":8},"end":{"line":10,"column":9}},"4":{"start":{"line":9,"column":12},"end":{"line":9,"column":54}},"5":{"start":{"line":12,"column":8},"end":{"line":14,"column":9}},"6":{"start":{"line":13,"column":12},"end":{"line":13,"column":27}},"7":{"start":{"line":16,"column":8},"end":{"line":16,"column":41}},"8":{"start":{"line":18,"column":8},"end":{"line":18,"column":15}},"9":{"start":{"line":22,"column":23},"end":{"line":32,"column":1}}},"fnMap":{"0":{"name":"(anonymous_0)","decl":{"start":{"line":4,"column":28},"end":{"line":4,"column":29}},"loc":{"start":{"line":4,"column":38},"end":{"line":20,"column":1}},"line":4},"1":{"name":"(anonymous_1)","decl":{"start":{"line":5,"column":11},"end":{"line":5,"column":12}},"loc":{"start":{"line":5,"column":31},"end":{"line":19,"column":5}},"line":5}},"branchMap":{"0":{"loc":{"start":{"line":8,"column":8},"end":{"line":10,"column":9}},"type":"if","locations":[{"start":{"line":8,"column":8},"end":{"line":10,"column":9}},{"start":{"line":8,"column":8},"end":{"line":10,"column":9}}],"line":8},"1":{"loc":{"start":{"line":12,"column":8},"end":{"line":14,"column":9}},"type":"if","locations":[{"start":{"line":12,"column":8},"end":{"line":14,"column":9}},{"start":{"line":12,"column":8},"end":{"line":14,"column":9}}],"line":12}},"s":{"0":1,"1":2,"2":3,"3":3,"4":0,"5":3,"6":3,"7":3,"8":3,"9":1},"f":{"0":2,"1":3},"b":{"0":[0,3],"1":[3,0]},"_coverageSchema":"332fd63041d2c1bcb487cc26dd0d5f7d97098a6c","hash":"46861416efb0b00d45b1277270e53fbef09eaa28"}
,"/home/yooo/dbwebb-kurser/ramverk2/me/app/server/src/chat/index.js": {"path":"/home/yooo/dbwebb-kurser/ramverk2/me/app/server/src/chat/index.js","statementMap":{"0":{"start":{"line":1,"column":12},"end":{"line":1,"column":14}},"1":{"start":{"line":2,"column":14},"end":{"line":2,"column":16}},"2":{"start":{"line":3,"column":9},"end":{"line":3,"column":13}},"3":{"start":{"line":6,"column":4},"end":{"line":6,"column":53}},"4":{"start":{"line":6,"column":29},"end":{"line":6,"column":51}},"5":{"start":{"line":11,"column":8},"end":{"line":11,"column":22}},"6":{"start":{"line":13,"column":8},"end":{"line":13,"column":57}},"7":{"start":{"line":15,"column":8},"end":{"line":15,"column":47}},"8":{"start":{"line":19,"column":8},"end":{"line":19,"column":34}},"9":{"start":{"line":21,"column":8},"end":{"line":21,"column":46}},"10":{"start":{"line":22,"column":8},"end":{"line":22,"column":51}},"11":{"start":{"line":23,"column":8},"end":{"line":23,"column":45}},"12":{"start":{"line":27,"column":8},"end":{"line":27,"column":31}},"13":{"start":{"line":28,"column":8},"end":{"line":28,"column":26}},"14":{"start":{"line":30,"column":8},"end":{"line":30,"column":28}},"15":{"start":{"line":32,"column":8},"end":{"line":49,"column":9}},"16":{"start":{"line":33,"column":22},"end":{"line":33,"column":44}},"17":{"start":{"line":35,"column":12},"end":{"line":44,"column":13}},"18":{"start":{"line":36,"column":32},"end":{"line":36,"column":63}},"19":{"start":{"line":37,"column":30},"end":{"line":37,"column":62}},"20":{"start":{"line":39,"column":16},"end":{"line":39,"column":39}},"21":{"start":{"line":40,"column":16},"end":{"line":40,"column":43}},"22":{"start":{"line":41,"column":16},"end":{"line":41,"column":57}},"23":{"start":{"line":48,"column":12},"end":{"line":48,"column":45}},"24":{"start":{"line":53,"column":8},"end":{"line":53,"column":32}},"25":{"start":{"line":54,"column":8},"end":{"line":54,"column":38}},"26":{"start":{"line":55,"column":8},"end":{"line":55,"column":44}},"27":{"start":{"line":56,"column":8},"end":{"line":56,"column":38}},"28":{"start":{"line":57,"column":8},"end":{"line":57,"column":75}},"29":{"start":{"line":58,"column":8},"end":{"line":58,"column":38}},"30":{"start":{"line":59,"column":8},"end":{"line":59,"column":64}},"31":{"start":{"line":63,"column":8},"end":{"line":63,"column":34}},"32":{"start":{"line":64,"column":8},"end":{"line":67,"column":11}},"33":{"start":{"line":65,"column":12},"end":{"line":65,"column":58}},"34":{"start":{"line":68,"column":8},"end":{"line":68,"column":38}},"35":{"start":{"line":69,"column":8},"end":{"line":69,"column":75}},"36":{"start":{"line":70,"column":8},"end":{"line":70,"column":36}},"37":{"start":{"line":71,"column":8},"end":{"line":71,"column":64}}},"fnMap":{"0":{"name":"generateUsersArray","decl":{"start":{"line":5,"column":9},"end":{"line":5,"column":27}},"loc":{"start":{"line":5,"column":30},"end":{"line":7,"column":1}},"line":5},"1":{"name":"(anonymous_1)","decl":{"start":{"line":6,"column":21},"end":{"line":6,"column":22}},"loc":{"start":{"line":6,"column":29},"end":{"line":6,"column":51}},"line":6},"2":{"name":"(anonymous_2)","decl":{"start":{"line":10,"column":4},"end":{"line":10,"column":5}},"loc":{"start":{"line":10,"column":26},"end":{"line":16,"column":5}},"line":10},"3":{"name":"(anonymous_3)","decl":{"start":{"line":18,"column":4},"end":{"line":18,"column":5}},"loc":{"start":{"line":18,"column":25},"end":{"line":24,"column":5}},"line":18},"4":{"name":"(anonymous_4)","decl":{"start":{"line":26,"column":4},"end":{"line":26,"column":5}},"loc":{"start":{"line":26,"column":20},"end":{"line":50,"column":5}},"line":26},"5":{"name":"(anonymous_5)","decl":{"start":{"line":52,"column":4},"end":{"line":52,"column":5}},"loc":{"start":{"line":52,"column":20},"end":{"line":60,"column":5}},"line":52},"6":{"name":"(anonymous_6)","decl":{"start":{"line":62,"column":4},"end":{"line":62,"column":5}},"loc":{"start":{"line":62,"column":19},"end":{"line":72,"column":5}},"line":62},"7":{"name":"(anonymous_7)","decl":{"start":{"line":64,"column":29},"end":{"line":64,"column":30}},"loc":{"start":{"line":64,"column":37},"end":{"line":67,"column":9}},"line":64}},"branchMap":{"0":{"loc":{"start":{"line":32,"column":8},"end":{"line":49,"column":9}},"type":"if","locations":[{"start":{"line":32,"column":8},"end":{"line":49,"column":9}},{"start":{"line":32,"column":8},"end":{"line":49,"column":9}}],"line":32},"1":{"loc":{"start":{"line":35,"column":12},"end":{"line":44,"column":13}},"type":"if","locations":[{"start":{"line":35,"column":12},"end":{"line":44,"column":13}},{"start":{"line":35,"column":12},"end":{"line":44,"column":13}}],"line":35}},"s":{"0":1,"1":1,"2":1,"3":0,"4":0,"5":1,"6":1,"7":1,"8":0,"9":0,"10":0,"11":0,"12":0,"13":0,"14":0,"15":0,"16":0,"17":0,"18":0,"19":0,"20":0,"21":0,"22":0,"23":0,"24":0,"25":0,"26":0,"27":0,"28":0,"29":0,"30":0,"31":0,"32":0,"33":0,"34":0,"35":0,"36":0,"37":0},"f":{"0":0,"1":0,"2":1,"3":0,"4":0,"5":0,"6":0,"7":0},"b":{"0":[0,0],"1":[0,0]},"_coverageSchema":"332fd63041d2c1bcb487cc26dd0d5f7d97098a6c","hash":"f56474d80148fc3b51c661017af3c15364ad20a7"}
}
