{"/app/src/index.js": {"path":"/app/src/index.js","statementMap":{"0":{"start":{"line":12,"column":0},"end":{"line":30,"column":1}},"1":{"start":{"line":13,"column":4},"end":{"line":20,"column":7}},"2":{"start":{"line":14,"column":8},"end":{"line":19,"column":9}},"3":{"start":{"line":15,"column":12},"end":{"line":15,"column":87}},"4":{"start":{"line":16,"column":12},"end":{"line":16,"column":28}},"5":{"start":{"line":18,"column":12},"end":{"line":18,"column":72}},"6":{"start":{"line":22,"column":4},"end":{"line":29,"column":7}},"7":{"start":{"line":23,"column":8},"end":{"line":28,"column":9}},"8":{"start":{"line":24,"column":12},"end":{"line":24,"column":88}},"9":{"start":{"line":25,"column":12},"end":{"line":25,"column":28}},"10":{"start":{"line":27,"column":12},"end":{"line":27,"column":73}},"11":{"start":{"line":33,"column":0},"end":{"line":33,"column":34}},"12":{"start":{"line":34,"column":11},"end":{"line":34,"column":30}},"13":{"start":{"line":36,"column":0},"end":{"line":36,"column":65}},"14":{"start":{"line":38,"column":12},"end":{"line":38,"column":21}},"15":{"start":{"line":41,"column":13},"end":{"line":41,"column":44}},"16":{"start":{"line":44,"column":0},"end":{"line":44,"column":23}},"17":{"start":{"line":45,"column":0},"end":{"line":45,"column":27}},"18":{"start":{"line":48,"column":0},"end":{"line":48,"column":16}},"19":{"start":{"line":51,"column":0},"end":{"line":51,"column":23}},"20":{"start":{"line":53,"column":13},"end":{"line":53,"column":40}},"21":{"start":{"line":56,"column":0},"end":{"line":59,"column":2}},"22":{"start":{"line":58,"column":10},"end":{"line":58,"column":87}},"23":{"start":{"line":61,"column":0},"end":{"line":61,"column":17}}},"fnMap":{"0":{"name":"(anonymous_0)","decl":{"start":{"line":13,"column":76},"end":{"line":13,"column":77}},"loc":{"start":{"line":13,"column":91},"end":{"line":20,"column":5}},"line":13},"1":{"name":"(anonymous_1)","decl":{"start":{"line":22,"column":52},"end":{"line":22,"column":53}},"loc":{"start":{"line":22,"column":67},"end":{"line":29,"column":5}},"line":22},"2":{"name":"(anonymous_2)","decl":{"start":{"line":58,"column":4},"end":{"line":58,"column":5}},"loc":{"start":{"line":58,"column":10},"end":{"line":58,"column":87}},"line":58}},"branchMap":{"0":{"loc":{"start":{"line":12,"column":0},"end":{"line":30,"column":1}},"type":"if","locations":[{"start":{"line":12,"column":0},"end":{"line":30,"column":1}},{"start":{"line":12,"column":0},"end":{"line":30,"column":1}}],"line":12},"1":{"loc":{"start":{"line":14,"column":8},"end":{"line":19,"column":9}},"type":"if","locations":[{"start":{"line":14,"column":8},"end":{"line":19,"column":9}},{"start":{"line":14,"column":8},"end":{"line":19,"column":9}}],"line":14},"2":{"loc":{"start":{"line":23,"column":8},"end":{"line":28,"column":9}},"type":"if","locations":[{"start":{"line":23,"column":8},"end":{"line":28,"column":9}},{"start":{"line":23,"column":8},"end":{"line":28,"column":9}}],"line":23},"3":{"loc":{"start":{"line":41,"column":13},"end":{"line":41,"column":44}},"type":"binary-expr","locations":[{"start":{"line":41,"column":13},"end":{"line":41,"column":36}},{"start":{"line":41,"column":40},"end":{"line":41,"column":44}}],"line":41}},"s":{"0":1,"1":1,"2":1,"3":0,"4":0,"5":1,"6":0,"7":0,"8":0,"9":0,"10":0,"11":1,"12":1,"13":1,"14":1,"15":1,"16":1,"17":1,"18":1,"19":1,"20":1,"21":1,"22":1,"23":1},"f":{"0":1,"1":0,"2":1},"b":{"0":[1,0],"1":[0,1],"2":[0,0],"3":[1,0]},"_coverageSchema":"332fd63041d2c1bcb487cc26dd0d5f7d97098a6c","hash":"f1ba1f6836cfe984721fe1861dacb655f48e972b"}
,"/app/src/api/constants.js": {"path":"/app/src/api/constants.js","statementMap":{"0":{"start":{"line":1,"column":35},"end":{"line":1,"column":37}},"1":{"start":{"line":2,"column":35},"end":{"line":2,"column":36}},"2":{"start":{"line":4,"column":32},"end":{"line":4,"column":35}},"3":{"start":{"line":5,"column":32},"end":{"line":5,"column":33}},"4":{"start":{"line":7,"column":35},"end":{"line":7,"column":37}},"5":{"start":{"line":8,"column":35},"end":{"line":8,"column":36}},"6":{"start":{"line":10,"column":26},"end":{"line":10,"column":36}}},"fnMap":{},"branchMap":{},"s":{"0":2,"1":2,"2":2,"3":2,"4":2,"5":2,"6":2},"f":{},"b":{},"_coverageSchema":"332fd63041d2c1bcb487cc26dd0d5f7d97098a6c","hash":"ad9da7c5398a3aa55198bbd0973fe122cff256b5"}
,"/app/src/api/passport.js": {"path":"/app/src/api/passport.js","statementMap":{"0":{"start":{"line":8,"column":0},"end":{"line":23,"column":4}},"1":{"start":{"line":12,"column":4},"end":{"line":22,"column":5}},"2":{"start":{"line":13,"column":21},"end":{"line":13,"column":53}},"3":{"start":{"line":15,"column":8},"end":{"line":17,"column":9}},"4":{"start":{"line":16,"column":12},"end":{"line":16,"column":37}},"5":{"start":{"line":19,"column":8},"end":{"line":19,"column":25}},"6":{"start":{"line":21,"column":8},"end":{"line":21,"column":25}},"7":{"start":{"line":25,"column":0},"end":{"line":43,"column":4}},"8":{"start":{"line":26,"column":4},"end":{"line":42,"column":5}},"9":{"start":{"line":27,"column":21},"end":{"line":27,"column":53}},"10":{"start":{"line":29,"column":8},"end":{"line":31,"column":9}},"11":{"start":{"line":30,"column":12},"end":{"line":30,"column":37}},"12":{"start":{"line":33,"column":23},"end":{"line":33,"column":60}},"13":{"start":{"line":35,"column":8},"end":{"line":37,"column":9}},"14":{"start":{"line":36,"column":12},"end":{"line":36,"column":37}},"15":{"start":{"line":39,"column":8},"end":{"line":39,"column":25}},"16":{"start":{"line":41,"column":8},"end":{"line":41,"column":25}}},"fnMap":{"0":{"name":"(anonymous_0)","decl":{"start":{"line":11,"column":3},"end":{"line":11,"column":4}},"loc":{"start":{"line":11,"column":28},"end":{"line":23,"column":1}},"line":11},"1":{"name":"(anonymous_1)","decl":{"start":{"line":25,"column":35},"end":{"line":25,"column":36}},"loc":{"start":{"line":25,"column":71},"end":{"line":43,"column":1}},"line":25}},"branchMap":{"0":{"loc":{"start":{"line":15,"column":8},"end":{"line":17,"column":9}},"type":"if","locations":[{"start":{"line":15,"column":8},"end":{"line":17,"column":9}},{"start":{"line":15,"column":8},"end":{"line":17,"column":9}}],"line":15},"1":{"loc":{"start":{"line":29,"column":8},"end":{"line":31,"column":9}},"type":"if","locations":[{"start":{"line":29,"column":8},"end":{"line":31,"column":9}},{"start":{"line":29,"column":8},"end":{"line":31,"column":9}}],"line":29},"2":{"loc":{"start":{"line":35,"column":8},"end":{"line":37,"column":9}},"type":"if","locations":[{"start":{"line":35,"column":8},"end":{"line":37,"column":9}},{"start":{"line":35,"column":8},"end":{"line":37,"column":9}}],"line":35}},"s":{"0":1,"1":1,"2":1,"3":1,"4":0,"5":1,"6":0,"7":1,"8":1,"9":1,"10":1,"11":0,"12":1,"13":1,"14":0,"15":1,"16":0},"f":{"0":1,"1":1},"b":{"0":[0,1],"1":[0,1],"2":[0,1]},"_coverageSchema":"332fd63041d2c1bcb487cc26dd0d5f7d97098a6c","hash":"f1588833a0ceedee81ee8f214c0ee0795f41fb47"}
,"/app/src/api/controllers/user.js": {"path":"/app/src/api/controllers/user.js","statementMap":{"0":{"start":{"line":3,"column":22},"end":{"line":20,"column":1}},"1":{"start":{"line":4,"column":17},"end":{"line":4,"column":27}},"2":{"start":{"line":5,"column":19},"end":{"line":5,"column":33}},"3":{"start":{"line":6,"column":22},"end":{"line":6,"column":48}},"4":{"start":{"line":8,"column":4},"end":{"line":10,"column":5}},"5":{"start":{"line":9,"column":8},"end":{"line":9,"column":85}},"6":{"start":{"line":12,"column":18},"end":{"line":12,"column":49}},"7":{"start":{"line":13,"column":32},"end":{"line":13,"column":38}},"8":{"start":{"line":15,"column":4},"end":{"line":19,"column":7}},"9":{"start":{"line":22,"column":22},"end":{"line":31,"column":1}},"10":{"start":{"line":23,"column":18},"end":{"line":23,"column":48}},"11":{"start":{"line":24,"column":32},"end":{"line":24,"column":40}},"12":{"start":{"line":26,"column":4},"end":{"line":30,"column":7}},"13":{"start":{"line":33,"column":23},"end":{"line":35,"column":1}},"14":{"start":{"line":34,"column":4},"end":{"line":34,"column":24}},"15":{"start":{"line":37,"column":27},"end":{"line":40,"column":1}},"16":{"start":{"line":38,"column":4},"end":{"line":38,"column":25}},"17":{"start":{"line":39,"column":4},"end":{"line":39,"column":34}}},"fnMap":{"0":{"name":"(anonymous_0)","decl":{"start":{"line":3,"column":22},"end":{"line":3,"column":23}},"loc":{"start":{"line":3,"column":42},"end":{"line":20,"column":1}},"line":3},"1":{"name":"(anonymous_1)","decl":{"start":{"line":22,"column":22},"end":{"line":22,"column":23}},"loc":{"start":{"line":22,"column":42},"end":{"line":31,"column":1}},"line":22},"2":{"name":"(anonymous_2)","decl":{"start":{"line":33,"column":23},"end":{"line":33,"column":24}},"loc":{"start":{"line":33,"column":43},"end":{"line":35,"column":1}},"line":33},"3":{"name":"(anonymous_3)","decl":{"start":{"line":37,"column":27},"end":{"line":37,"column":28}},"loc":{"start":{"line":37,"column":47},"end":{"line":40,"column":1}},"line":37}},"branchMap":{"0":{"loc":{"start":{"line":8,"column":4},"end":{"line":10,"column":5}},"type":"if","locations":[{"start":{"line":8,"column":4},"end":{"line":10,"column":5}},{"start":{"line":8,"column":4},"end":{"line":10,"column":5}}],"line":8}},"s":{"0":1,"1":2,"2":2,"3":2,"4":2,"5":1,"6":1,"7":1,"8":1,"9":1,"10":1,"11":1,"12":1,"13":1,"14":1,"15":1,"16":1,"17":1},"f":{"0":2,"1":1,"2":1,"3":1},"b":{"0":[1,1]},"_coverageSchema":"332fd63041d2c1bcb487cc26dd0d5f7d97098a6c","hash":"14943b52473acb593e71f4ee55b1338d36b20a41"}
,"/app/src/api/db/models/user.js": {"path":"/app/src/api/db/models/user.js","statementMap":{"0":{"start":{"line":3,"column":15},"end":{"line":3,"column":30}},"1":{"start":{"line":5,"column":19},"end":{"line":22,"column":2}},"2":{"start":{"line":25,"column":0},"end":{"line":35,"column":3}},"3":{"start":{"line":26,"column":4},"end":{"line":34,"column":5}},"4":{"start":{"line":27,"column":21},"end":{"line":27,"column":45}},"5":{"start":{"line":28,"column":21},"end":{"line":28,"column":59}},"6":{"start":{"line":30,"column":8},"end":{"line":30,"column":29}},"7":{"start":{"line":31,"column":8},"end":{"line":31,"column":15}},"8":{"start":{"line":33,"column":8},"end":{"line":33,"column":18}},"9":{"start":{"line":37,"column":0},"end":{"line":43,"column":2}},"10":{"start":{"line":38,"column":4},"end":{"line":42,"column":5}},"11":{"start":{"line":39,"column":8},"end":{"line":39,"column":61}},"12":{"start":{"line":41,"column":8},"end":{"line":41,"column":29}}},"fnMap":{"0":{"name":"(anonymous_0)","decl":{"start":{"line":25,"column":23},"end":{"line":25,"column":24}},"loc":{"start":{"line":25,"column":45},"end":{"line":35,"column":1}},"line":25},"1":{"name":"(anonymous_1)","decl":{"start":{"line":37,"column":38},"end":{"line":37,"column":39}},"loc":{"start":{"line":37,"column":64},"end":{"line":43,"column":1}},"line":37}},"branchMap":{},"s":{"0":2,"1":2,"2":2,"3":1,"4":1,"5":1,"6":1,"7":1,"8":0,"9":2,"10":1,"11":1,"12":0},"f":{"0":1,"1":1},"b":{},"_coverageSchema":"332fd63041d2c1bcb487cc26dd0d5f7d97098a6c","hash":"eb896c8093f5ff8b56a368cdf43e0982a70edea5"}
,"/app/src/api/models/User.js": {"path":"/app/src/api/models/User.js","statementMap":{"0":{"start":{"line":11,"column":26},"end":{"line":11,"column":32}},"1":{"start":{"line":13,"column":8},"end":{"line":13,"column":48}},"2":{"start":{"line":21,"column":24},"end":{"line":21,"column":45}},"3":{"start":{"line":23,"column":8},"end":{"line":23,"column":29}},"4":{"start":{"line":24,"column":8},"end":{"line":24,"column":39}},"5":{"start":{"line":33,"column":8},"end":{"line":38,"column":23}},"6":{"start":{"line":43,"column":8},"end":{"line":43,"column":35}}},"fnMap":{"0":{"name":"(anonymous_0)","decl":{"start":{"line":10,"column":4},"end":{"line":10,"column":5}},"loc":{"start":{"line":10,"column":26},"end":{"line":14,"column":5}},"line":10},"1":{"name":"(anonymous_1)","decl":{"start":{"line":20,"column":4},"end":{"line":20,"column":5}},"loc":{"start":{"line":20,"column":31},"end":{"line":25,"column":5}},"line":20},"2":{"name":"(anonymous_2)","decl":{"start":{"line":32,"column":4},"end":{"line":32,"column":5}},"loc":{"start":{"line":32,"column":27},"end":{"line":39,"column":5}},"line":32},"3":{"name":"(anonymous_3)","decl":{"start":{"line":42,"column":4},"end":{"line":42,"column":5}},"loc":{"start":{"line":42,"column":27},"end":{"line":44,"column":5}},"line":42}},"branchMap":{},"s":{"0":2,"1":2,"2":1,"3":1,"4":1,"5":2,"6":1},"f":{"0":2,"1":1,"2":2,"3":1},"b":{},"_coverageSchema":"332fd63041d2c1bcb487cc26dd0d5f7d97098a6c","hash":"747bf67f13904cfcb69c7c1c43d24b22cc025eba"}
,"/app/src/api/routes/user.js": {"path":"/app/src/api/routes/user.js","statementMap":{"0":{"start":{"line":6,"column":20},"end":{"line":6,"column":70}},"1":{"start":{"line":7,"column":17},"end":{"line":7,"column":65}},"2":{"start":{"line":9,"column":15},"end":{"line":9,"column":50}},"3":{"start":{"line":11,"column":0},"end":{"line":11,"column":82}},"4":{"start":{"line":12,"column":0},"end":{"line":12,"column":95}},"5":{"start":{"line":13,"column":0},"end":{"line":13,"column":47}},"6":{"start":{"line":16,"column":0},"end":{"line":16,"column":57}}},"fnMap":{},"branchMap":{},"s":{"0":1,"1":1,"2":1,"3":1,"4":1,"5":1,"6":1},"f":{},"b":{},"_coverageSchema":"332fd63041d2c1bcb487cc26dd0d5f7d97098a6c","hash":"4052c0099d7fa2cfc5c805f7aaeae13e0dcdbc3d"}
,"/app/src/api/validation/postValidation.js": {"path":"/app/src/api/validation/postValidation.js","statementMap":{"0":{"start":{"line":4,"column":28},"end":{"line":20,"column":1}},"1":{"start":{"line":5,"column":4},"end":{"line":19,"column":6}},"2":{"start":{"line":6,"column":23},"end":{"line":6,"column":53}},"3":{"start":{"line":8,"column":8},"end":{"line":10,"column":9}},"4":{"start":{"line":9,"column":12},"end":{"line":9,"column":54}},"5":{"start":{"line":12,"column":8},"end":{"line":14,"column":9}},"6":{"start":{"line":13,"column":12},"end":{"line":13,"column":27}},"7":{"start":{"line":16,"column":8},"end":{"line":16,"column":41}},"8":{"start":{"line":18,"column":8},"end":{"line":18,"column":15}},"9":{"start":{"line":22,"column":23},"end":{"line":32,"column":1}}},"fnMap":{"0":{"name":"(anonymous_0)","decl":{"start":{"line":4,"column":28},"end":{"line":4,"column":29}},"loc":{"start":{"line":4,"column":38},"end":{"line":20,"column":1}},"line":4},"1":{"name":"(anonymous_1)","decl":{"start":{"line":5,"column":11},"end":{"line":5,"column":12}},"loc":{"start":{"line":5,"column":31},"end":{"line":19,"column":5}},"line":5}},"branchMap":{"0":{"loc":{"start":{"line":8,"column":8},"end":{"line":10,"column":9}},"type":"if","locations":[{"start":{"line":8,"column":8},"end":{"line":10,"column":9}},{"start":{"line":8,"column":8},"end":{"line":10,"column":9}}],"line":8},"1":{"loc":{"start":{"line":12,"column":8},"end":{"line":14,"column":9}},"type":"if","locations":[{"start":{"line":12,"column":8},"end":{"line":14,"column":9}},{"start":{"line":12,"column":8},"end":{"line":14,"column":9}}],"line":12}},"s":{"0":1,"1":2,"2":3,"3":3,"4":0,"5":3,"6":3,"7":3,"8":3,"9":1},"f":{"0":2,"1":3},"b":{"0":[0,3],"1":[3,0]},"_coverageSchema":"332fd63041d2c1bcb487cc26dd0d5f7d97098a6c","hash":"bef68ad6e8852fc435245a6a6e8275adf33a3b5e"}
}
