TN:
SF:/home/yooo/dbwebb-kurser/ramverk2/me/app/server/src/index.js
FN:13,(anonymous_0)
FN:22,(anonymous_1)
FN:61,(anonymous_2)
FNF:3
FNH:2
FNDA:1,(anonymous_0)
FNDA:0,(anonymous_1)
FNDA:1,(anonymous_2)
DA:12,1
DA:13,1
DA:14,1
DA:15,0
DA:16,0
DA:18,1
DA:22,0
DA:23,0
DA:24,0
DA:25,0
DA:27,0
DA:33,1
DA:34,1
DA:36,1
DA:38,1
DA:41,1
DA:44,1
DA:45,1
DA:48,1
DA:51,1
DA:53,1
DA:54,1
DA:56,1
DA:59,1
DA:61,1
LF:25
LH:18
BRDA:12,0,0,1
BRDA:12,0,1,0
BRDA:14,1,0,0
BRDA:14,1,1,1
BRDA:23,2,0,0
BRDA:23,2,1,0
BRDA:41,3,0,1
BRDA:41,3,1,1
BRF:8
BRH:4
end_of_record
TN:
SF:/home/yooo/dbwebb-kurser/ramverk2/me/app/server/src/api/constants.js
FNF:0
FNH:0
DA:1,2
DA:2,2
DA:4,2
DA:5,2
DA:7,2
DA:8,2
DA:10,2
LF:7
LH:7
BRF:0
BRH:0
end_of_record
TN:
SF:/home/yooo/dbwebb-kurser/ramverk2/me/app/server/src/api/passport.js
FN:11,(anonymous_0)
FN:25,(anonymous_1)
FNF:2
FNH:2
FNDA:1,(anonymous_0)
FNDA:1,(anonymous_1)
DA:8,1
DA:12,1
DA:13,1
DA:15,1
DA:16,0
DA:19,1
DA:21,0
DA:25,1
DA:26,1
DA:27,1
DA:29,1
DA:30,0
DA:33,1
DA:35,1
DA:36,0
DA:39,1
DA:41,0
LF:17
LH:12
BRDA:15,0,0,0
BRDA:15,0,1,1
BRDA:29,1,0,0
BRDA:29,1,1,1
BRDA:35,2,0,0
BRDA:35,2,1,1
BRF:6
BRH:3
end_of_record
TN:
SF:/home/yooo/dbwebb-kurser/ramverk2/me/app/server/src/api/controllers/user.js
FN:3,(anonymous_0)
FN:22,(anonymous_1)
FN:33,(anonymous_2)
FN:37,(anonymous_3)
FNF:4
FNH:4
FNDA:2,(anonymous_0)
FNDA:1,(anonymous_1)
FNDA:1,(anonymous_2)
FNDA:1,(anonymous_3)
DA:3,1
DA:4,2
DA:5,2
DA:6,2
DA:8,2
DA:9,1
DA:12,1
DA:13,1
DA:15,1
DA:22,1
DA:23,1
DA:24,1
DA:26,1
DA:33,1
DA:34,1
DA:37,1
DA:38,1
DA:39,1
LF:18
LH:18
BRDA:8,0,0,1
BRDA:8,0,1,1
BRF:2
BRH:2
end_of_record
TN:
SF:/home/yooo/dbwebb-kurser/ramverk2/me/app/server/src/api/db/models/user.js
FN:25,(anonymous_0)
FN:37,(anonymous_1)
FNF:2
FNH:2
FNDA:1,(anonymous_0)
FNDA:1,(anonymous_1)
DA:3,2
DA:5,2
DA:25,2
DA:26,1
DA:27,1
DA:28,1
DA:30,1
DA:31,1
DA:33,0
DA:37,2
DA:38,1
DA:39,1
DA:41,0
LF:13
LH:11
BRF:0
BRH:0
end_of_record
TN:
SF:/home/yooo/dbwebb-kurser/ramverk2/me/app/server/src/api/models/User.js
FN:10,(anonymous_0)
FN:20,(anonymous_1)
FN:32,(anonymous_2)
FN:42,(anonymous_3)
FNF:4
FNH:4
FNDA:2,(anonymous_0)
FNDA:1,(anonymous_1)
FNDA:2,(anonymous_2)
FNDA:1,(anonymous_3)
DA:11,2
DA:13,2
DA:21,1
DA:23,1
DA:24,1
DA:33,2
DA:43,1
LF:7
LH:7
BRF:0
BRH:0
end_of_record
TN:
SF:/home/yooo/dbwebb-kurser/ramverk2/me/app/server/src/api/routes/user.js
FNF:0
FNH:0
DA:6,1
DA:7,1
DA:9,1
DA:11,1
DA:12,1
DA:13,1
DA:16,1
LF:7
LH:7
BRF:0
BRH:0
end_of_record
TN:
SF:/home/yooo/dbwebb-kurser/ramverk2/me/app/server/src/api/validation/postValidation.js
FN:4,(anonymous_0)
FN:5,(anonymous_1)
FNF:2
FNH:2
FNDA:2,(anonymous_0)
FNDA:3,(anonymous_1)
DA:4,1
DA:5,2
DA:6,3
DA:8,3
DA:9,0
DA:12,3
DA:13,3
DA:16,3
DA:18,3
DA:22,1
LF:10
LH:9
BRDA:8,0,0,0
BRDA:8,0,1,3
BRDA:12,1,0,3
BRDA:12,1,1,0
BRF:4
BRH:2
end_of_record
TN:
SF:/home/yooo/dbwebb-kurser/ramverk2/me/app/server/src/chat/index.js
FN:5,generateUsersArray
FN:6,(anonymous_1)
FN:10,(anonymous_2)
FN:18,(anonymous_3)
FN:26,(anonymous_4)
FN:52,(anonymous_5)
FN:62,(anonymous_6)
FN:64,(anonymous_7)
FNF:8
FNH:1
FNDA:0,generateUsersArray
FNDA:0,(anonymous_1)
FNDA:1,(anonymous_2)
FNDA:0,(anonymous_3)
FNDA:0,(anonymous_4)
FNDA:0,(anonymous_5)
FNDA:0,(anonymous_6)
FNDA:0,(anonymous_7)
DA:1,1
DA:2,1
DA:3,1
DA:6,0
DA:11,1
DA:13,1
DA:15,1
DA:19,0
DA:21,0
DA:22,0
DA:23,0
DA:27,0
DA:28,0
DA:30,0
DA:32,0
DA:33,0
DA:35,0
DA:36,0
DA:37,0
DA:39,0
DA:40,0
DA:41,0
DA:48,0
DA:53,0
DA:54,0
DA:55,0
DA:56,0
DA:57,0
DA:58,0
DA:59,0
DA:63,0
DA:64,0
DA:65,0
DA:68,0
DA:69,0
DA:70,0
DA:71,0
LF:37
LH:6
BRDA:32,0,0,0
BRDA:32,0,1,0
BRDA:35,1,0,0
BRDA:35,1,1,0
BRF:4
BRH:0
end_of_record
